1.0020000000e+03 1.0030000000e+03 2.0030000000e+03
1.0030000000e+03 3.0060000000e+03 1.0060000000e+03
1.0040000000e+03 1.0020000000e+03 3.0020000000e+03
1.0050000000e+03 1.0040000000e+03 2.0040000000e+03
1.0060000000e+03 6.0050000000e+03 1.0050000000e+03
1.0070000000e+03 1.0040000000e+03 2.0040000000e+03
2.0030000000e+03 4.0060000000e+03 2.0060000000e+03
2.0040000000e+03 2.0020000000e+03 4.0020000000e+03
2.0050000000e+03 3.0040000000e+03 4.0040000000e+03
2.0060000000e+03 1.0050000000e+03 2.0050000000e+03
2.0070000000e+03 9.0040000000e+03 1.0004000000e+04
3.0050000000e+03 5.0040000000e+03 6.0040000000e+03
3.0060000000e+03 2.0050000000e+03 3.0050000000e+03
3.0070000000e+03 1.1004000000e+04 1.2004000000e+04
4.0050000000e+03 7.0040000000e+03 8.0040000000e+03
4.0060000000e+03 3.0050000000e+03 4.0050000000e+03
4.0070000000e+03 1.9004000000e+04 2.0004000000e+04
5.0050000000e+03 9.0040000000e+03 1.0004000000e+04
5.0060000000e+03 4.0050000000e+03 5.0050000000e+03
5.0070000000e+03 2.1004000000e+04 2.2004000000e+04
6.0050000000e+03 1.1004000000e+04 1.2004000000e+04
6.0060000000e+03 5.0050000000e+03 7.0050000000e+03
6.0070000000e+03 2.9004000000e+04 3.0004000000e+04
7.0050000000e+03 1.3004000000e+04 1.4004000000e+04
7.0070000000e+03 3.1004000000e+04 3.2004000000e+04
8.0050000000e+03 1.5004000000e+04 1.6004000000e+04
8.0070000000e+03 3.9004000000e+04 4.0004000000e+04
9.0050000000e+03 1.7004000000e+04 1.8004000000e+04
1.0005000000e+04 1.9004000000e+04 2.0004000000e+04
1.1001000000e+04 1.0010000000e+03 2.0010000000e+03
1.1005000000e+04 2.1004000000e+04 2.2004000000e+04
1.2001000000e+04 2.0010000000e+03 3.0010000000e+03
1.2005000000e+04 2.3004000000e+04 2.4004000000e+04
1.3001000000e+04 3.0010000000e+03 4.0010000000e+03
1.3005000000e+04 2.5004000000e+04 2.6004000000e+04
1.4001000000e+04 4.0010000000e+03 5.0010000000e+03
1.4005000000e+04 2.7004000000e+04 2.8004000000e+04
1.5001000000e+04 5.0010000000e+03 6.0010000000e+03
1.5005000000e+04 2.9004000000e+04 3.0004000000e+04
1.6005000000e+04 3.1004000000e+04 3.2004000000e+04
1.7005000000e+04 3.3004000000e+04 3.4004000000e+04
1.8005000000e+04 3.5004000000e+04 3.6004000000e+04
1.9005000000e+04 3.7004000000e+04 3.8004000000e+04
2.0005000000e+04 3.9004000000e+04 4.0004000000e+04
2.1001000000e+04 7.0010000000e+03 8.0010000000e+03
2.2001000000e+04 8.0010000000e+03 9.0010000000e+03
2.3001000000e+04 9.0010000000e+03 1.0001000000e+04
2.4001000000e+04 1.0001000000e+04 1.1001000000e+04
2.5001000000e+04 1.1001000000e+04 1.2001000000e+04
