1.0010000000e+03 0.0000000000e+00 0.0000000000e+00 0.0000000000e+00
1.0020000000e+03 3.3960000000e+01 -6.2500000000e+00 0.0000000000e+00
1.0030000000e+03 3.4000000000e+01 0.0000000000e+00 -8.9760000000e+00
1.0040000000e+03 9.5000000000e-01 -5.0000000000e+00 -7.7600000000e-01
1.0050000000e+03 3.4000000000e+01 -5.0000000000e+00 -1.8760000000e+00
1.0060000000e+03 9.5000000000e-01 0.0000000000e+00 -7.7600000000e-01
2.0010000000e+03 6.7920000000e+00 0.0000000000e+00 0.0000000000e+00
2.0020000000e+03 3.3960000000e+01 6.2500000000e+00 0.0000000000e+00
2.0030000000e+03 3.4000000000e+01 0.0000000000e+00 -2.9760000000e+00
2.0040000000e+03 9.5000000000e-01 -5.0000000000e+00 -7.5600000000e-01
2.0050000000e+03 3.4000000000e+01 -2.5000000000e+00 -1.8760000000e+00
2.0060000000e+03 6.7050000000e+01 0.0000000000e+00 -7.7600000000e-01
3.0010000000e+03 1.3584000000e+01 0.0000000000e+00 0.0000000000e+00
3.0020000000e+03 3.4040000000e+01 -6.2500000000e+00 0.0000000000e+00
3.0040000000e+03 9.5000000000e-01 -2.5000000000e+00 -7.7600000000e-01
3.0050000000e+03 3.4000000000e+01 0.0000000000e+00 -1.8760000000e+00
3.0060000000e+03 9.5000000000e-01 0.0000000000e+00 -7.7600000000e-01
4.0010000000e+03 2.0376000000e+01 0.0000000000e+00 0.0000000000e+00
4.0020000000e+03 3.4040000000e+01 6.2500000000e+00 0.0000000000e+00
4.0040000000e+03 9.5000000000e-01 -2.5000000000e+00 -7.5600000000e-01
4.0050000000e+03 3.4000000000e+01 2.5000000000e+00 -1.8760000000e+00
4.0060000000e+03 6.7050000000e+01 0.0000000000e+00 -7.7600000000e-01
5.0010000000e+03 2.7168000000e+01 0.0000000000e+00 0.0000000000e+00
5.0040000000e+03 9.5000000000e-01 0.0000000000e+00 -7.7600000000e-01
5.0050000000e+03 3.4000000000e+01 5.0000000000e+00 -1.8760000000e+00
6.0010000000e+03 3.3960000000e+01 0.0000000000e+00 0.0000000000e+00
6.0040000000e+03 9.5000000000e-01 0.0000000000e+00 -7.5600000000e-01
6.0050000000e+03 3.4000000000e+01 -5.5000000000e+00 -1.8760000000e+00
7.0010000000e+03 3.4040000000e+01 0.0000000000e+00 0.0000000000e+00
7.0040000000e+03 9.5000000000e-01 2.5000000000e+00 -7.7600000000e-01
7.0050000000e+03 3.4000000000e+01 5.5000000000e+00 -1.8760000000e+00
8.0010000000e+03 4.0832000000e+01 0.0000000000e+00 0.0000000000e+00
8.0040000000e+03 9.5000000000e-01 2.5000000000e+00 -7.5600000000e-01
9.0010000000e+03 4.7624000000e+01 0.0000000000e+00 0.0000000000e+00
9.0040000000e+03 9.5000000000e-01 5.0000000000e+00 -7.7600000000e-01
1.0001000000e+04 5.4416000000e+01 0.0000000000e+00 0.0000000000e+00
1.0004000000e+04 9.5000000000e-01 5.0000000000e+00 -7.5600000000e-01
1.1001000000e+04 6.1208000000e+01 0.0000000000e+00 0.0000000000e+00
1.1004000000e+04 3.3050000000e+01 -5.0000000000e+00 -7.7600000000e-01
1.2001000000e+04 6.8000000000e+01 0.0000000000e+00 0.0000000000e+00
1.2004000000e+04 3.3050000000e+01 -5.0000000000e+00 -7.5600000000e-01
1.3004000000e+04 3.3050000000e+01 -2.5000000000e+00 -7.7600000000e-01
1.4004000000e+04 3.3050000000e+01 -2.5000000000e+00 -7.5600000000e-01
1.5004000000e+04 3.3050000000e+01 0.0000000000e+00 -7.7600000000e-01
1.6004000000e+04 3.3050000000e+01 0.0000000000e+00 -7.5600000000e-01
1.7004000000e+04 3.3050000000e+01 2.5000000000e+00 -7.7600000000e-01
1.8004000000e+04 3.3050000000e+01 2.5000000000e+00 -7.5600000000e-01
1.9004000000e+04 3.3050000000e+01 5.0000000000e+00 -7.7600000000e-01
2.0004000000e+04 3.3050000000e+01 5.0000000000e+00 -7.5600000000e-01
2.1004000000e+04 3.4950000000e+01 -5.0000000000e+00 -7.7600000000e-01
2.2004000000e+04 3.4950000000e+01 -5.0000000000e+00 -7.5600000000e-01
2.3004000000e+04 3.4950000000e+01 -2.5000000000e+00 -7.7600000000e-01
2.4004000000e+04 3.4950000000e+01 -2.5000000000e+00 -7.5600000000e-01
2.5004000000e+04 3.4950000000e+01 0.0000000000e+00 -7.7600000000e-01
2.6004000000e+04 3.4950000000e+01 0.0000000000e+00 -7.5600000000e-01
2.7004000000e+04 3.4950000000e+01 2.5000000000e+00 -7.7600000000e-01
2.8004000000e+04 3.4950000000e+01 2.5000000000e+00 -7.5600000000e-01
2.9004000000e+04 3.4950000000e+01 5.0000000000e+00 -7.7600000000e-01
3.0004000000e+04 3.4950000000e+01 5.0000000000e+00 -7.5600000000e-01
3.1004000000e+04 6.7050000000e+01 -5.0000000000e+00 -7.7600000000e-01
3.2004000000e+04 6.7050000000e+01 -5.0000000000e+00 -7.5600000000e-01
3.3004000000e+04 6.7050000000e+01 -2.5000000000e+00 -7.7600000000e-01
3.4004000000e+04 6.7050000000e+01 -2.5000000000e+00 -7.5600000000e-01
3.5004000000e+04 6.7050000000e+01 0.0000000000e+00 -7.7600000000e-01
3.6004000000e+04 6.7050000000e+01 0.0000000000e+00 -7.5600000000e-01
3.7004000000e+04 6.7050000000e+01 2.5000000000e+00 -7.7600000000e-01
3.8004000000e+04 6.7050000000e+01 2.5000000000e+00 -7.5600000000e-01
3.9004000000e+04 6.7050000000e+01 5.0000000000e+00 -7.7600000000e-01
4.0004000000e+04 6.7050000000e+01 5.0000000000e+00 -7.5600000000e-01
